[2024/01/15 14:32:05], ERROR_CODE:3001, ERROR_MESSAGE:ChromeDriver初期化エラー
詳細情報:
- エラーコード: 3001
- エラーメッセージ: ChromeDriver初期化エラー
- エラータイトル: ChromeDriver初期化エラー
- タイムスタンプ: 2024/01/15 14:32:05
- PowerShellバージョン: 5.1.19041.3693
- OS: Microsoft Windows 10.0.19045
- 実行ユーザー: Administrator
- 実行パス: C:\000_common\PowerShell\prototype\test
- モジュール: ChromeDriver

[2024/01/15 14:32:06], ERROR_CODE:3002, ERROR_MESSAGE:Chrome実行ファイルパス取得エラー
詳細情報:
- エラーコード: 3002
- エラーメッセージ: Chrome実行ファイルパス取得エラー
- エラータイトル: Chrome実行ファイルパス取得エラー
- タイムスタンプ: 2024/01/15 14:32:06
- PowerShellバージョン: 5.1.19041.3693
- OS: Microsoft Windows 10.0.19045
- 実行ユーザー: Administrator
- 実行パス: C:\000_common\PowerShell\prototype\test
- モジュール: ChromeDriver 