[2024/01/15 14:31:15], ERROR_CODE:2001, ERROR_MESSAGE:EdgeDriver初期化エラー
詳細情報:
- エラーコード: 2001
- エラーメッセージ: EdgeDriver初期化エラー
- エラータイトル: EdgeDriver初期化エラー
- タイムスタンプ: 2024/01/15 14:31:15
- PowerShellバージョン: 5.1.19041.3693
- OS: Microsoft Windows 10.0.19045
- 実行ユーザー: Administrator
- 実行パス: C:\000_common\PowerShell\prototype\test
- モジュール: EdgeDriver

[2024/01/15 14:31:16], ERROR_CODE:2002, ERROR_MESSAGE:Edge実行ファイルパス取得エラー
詳細情報:
- エラーコード: 2002
- エラーメッセージ: Edge実行ファイルパス取得エラー
- エラータイトル: Edge実行ファイルパス取得エラー
- タイムスタンプ: 2024/01/15 14:31:16
- PowerShellバージョン: 5.1.19041.3693
- OS: Microsoft Windows 10.0.19045
- 実行ユーザー: Administrator
- 実行パス: C:\000_common\PowerShell\prototype\test
- モジュール: EdgeDriver 