[2024/01/15 14:30:25], ERROR_CODE:1001, ERROR_MESSAGE:WebDriver初期化エラー
詳細情報:
- エラーコード: 1001
- エラーメッセージ: WebDriver初期化エラー
- エラータイトル: WebDriver初期化エラー
- タイムスタンプ: 2024/01/15 14:30:25
- PowerShellバージョン: 5.1.19041.3693
- OS: Microsoft Windows 10.0.19045
- 実行ユーザー: Administrator
- 実行パス: C:\000_common\PowerShell\prototype\test
- モジュール: WebDriver

[2024/01/15 14:30:26], ERROR_CODE:1002, ERROR_MESSAGE:ブラウザ起動エラー
詳細情報:
- エラーコード: 1002
- エラーメッセージ: ブラウザ起動エラー
- エラータイトル: ブラウザ起動エラー
- タイムスタンプ: 2024/01/15 14:30:26
- PowerShellバージョン: 5.1.19041.3693
- OS: Microsoft Windows 10.0.19045
- 実行ユーザー: Administrator
- 実行パス: C:\000_common\PowerShell\prototype\test
- モジュール: WebDriver

[2024/01/15 14:30:27], ERROR_CODE:1011, ERROR_MESSAGE:要素検索エラー (CSS): 要素が見つかりません
詳細情報:
- エラーコード: 1011
- エラーメッセージ: 要素検索エラー (CSS): 要素が見つかりません
- エラータイトル: 要素検索エラー
- タイムスタンプ: 2024/01/15 14:30:27
- PowerShellバージョン: 5.1.19041.3693
- OS: Microsoft Windows 10.0.19045
- 実行ユーザー: Administrator
- 実行パス: C:\000_common\PowerShell\prototype\test
- モジュール: WebDriver 